# JRE version: Java(TM) SE Runtime Environment (17.0.9+11) (build 17.0.9+11-LTS-201)
# Java VM: Java HotSpot(TM) 64-Bit Server VM (17.0.9+11-LTS-201, mixed mode, sharing, tiered, compressed oops, compressed class ptrs, g1 gc, windows-amd64)
GC Precious Log:
 CPUs: 4 total, 4 available
 Memory: 7247M
 Large Page Support: Disabled
 NUMA Support: Disabled
 Compressed Oops: Enabled (32-bit)
 Heap Region Size: 1M
 Heap Min Capacity: 8M
 Heap Initial Capacity: 114M
 Heap Max Capacity: 2G
 Pre-touch: Disabled
 Parallel Workers: 4
 Concurrent Workers: 1
 Concurrent Refinement Workers: 4
 Periodic GC: Disabled
Heap:
 garbage-first heap   total 391168K, used 187330K [0x0000000080000000, 0x0000000100000000)
  region size 1024K, 6 young (6144K), 6 survivors (6144K)
 Metaspace       used 98975K, committed 100096K, reserved 557056K
  class space    used 13411K, committed 13952K, reserved 425984K
GC Heap History (20 events):
Event: 176.546 GC heap after
{Heap after GC invocations=133 (full 0):
 garbage-first heap   total 391168K, used 186518K [0x0000000080000000, 0x0000000100000000)
  region size 1024K, 22 young (22528K), 22 survivors (22528K)
 Metaspace       used 98975K, committed 100096K, reserved 557056K
  class space    used 13411K, committed 13952K, reserved 425984K
}
Event: 176.615 GC heap before
{Heap before GC invocations=133 (full 0):
 garbage-first heap   total 391168K, used 327830K [0x0000000080000000, 0x0000000100000000)
  region size 1024K, 160 young (163840K), 22 survivors (22528K)
 Metaspace       used 98975K, committed 100096K, reserved 557056K
  class space    used 13411K, committed 13952K, reserved 425984K
}
Event: 176.689 GC heap after
{Heap after GC invocations=134 (full 0):
 garbage-first heap   total 391168K, used 186884K [0x0000000080000000, 0x0000000100000000)
  region size 1024K, 3 young (3072K), 3 survivors (3072K)
 Metaspace       used 98975K, committed 100096K, reserved 557056K
  class space    used 13411K, committed 13952K, reserved 425984K
}
Event: 176.712 GC heap before
{Heap before GC invocations=134 (full 0):
 garbage-first heap   total 391168K, used 240132K [0x0000000080000000, 0x0000000100000000)
  region size 1024K, 57 young (58368K), 3 survivors (3072K)
 Metaspace       used 98975K, committed 100096K, reserved 557056K
  class space    used 13411K, committed 13952K, reserved 425984K
}
Event: 176.728 GC heap after
{Heap after GC invocations=135 (full 0):
 garbage-first heap   total 391168K, used 185519K [0x0000000080000000, 0x0000000100000000)
  region size 1024K, 2 young (2048K), 2 survivors (2048K)
 Metaspace       used 98975K, committed 100096K, reserved 557056K
  class space    used 13411K, committed 13952K, reserved 425984K
}
Event: 176.829 GC heap before
{Heap before GC invocations=135 (full 0):
 garbage-first heap   total 391168K, used 336047K [0x0000000080000000, 0x0000000100000000)
  region size 1024K, 149 young (152576K), 2 survivors (2048K)
 Metaspace       used 98975K, committed 100096K, reserved 557056K
  class space    used 13411K, committed 13952K, reserved 425984K
}
Event: 176.831 GC heap after
{Heap after GC invocations=136 (full 0):
 garbage-first heap   total 391168K, used 186981K [0x0000000080000000, 0x0000000100000000)
  region size 1024K, 3 young (3072K), 3 survivors (3072K)
 Metaspace       used 98975K, committed 100096K, reserved 557056K
  class space    used 13411K, committed 13952K, reserved 425984K
}
Event: 176.936 GC heap before
{Heap before GC invocations=136 (full 0):
 garbage-first heap   total 391168K, used 336485K [0x0000000080000000, 0x0000000100000000)
  region size 1024K, 149 young (152576K), 3 survivors (3072K)
 Metaspace       used 98975K, committed 100096K, reserved 557056K
  class space    used 13411K, committed 13952K, reserved 425984K
}
Event: 176.939 GC heap after
{Heap after GC invocations=137 (full 0):
 garbage-first heap   total 391168K, used 187908K [0x0000000080000000, 0x0000000100000000)
  region size 1024K, 3 young (3072K), 3 survivors (3072K)
 Metaspace       used 98975K, committed 100096K, reserved 557056K
  class space    used 13411K, committed 13952K, reserved 425984K
}
Event: 177.119 GC heap before
{Heap before GC invocations=137 (full 0):
 garbage-first heap   total 391168K, used 338436K [0x0000000080000000, 0x0000000100000000)
  region size 1024K, 151 young (154624K), 3 survivors (3072K)
 Metaspace       used 98975K, committed 100096K, reserved 557056K
  class space    used 13411K, committed 13952K, reserved 425984K
}
Event: 177.122 GC heap after
{Heap after GC invocations=138 (full 0):
 garbage-first heap   total 391168K, used 189459K [0x0000000080000000, 0x0000000100000000)
  region size 1024K, 5 young (5120K), 5 survivors (5120K)
 Metaspace       used 98975K, committed 100096K, reserved 557056K
  class space    used 13411K, committed 13952K, reserved 425984K
}
Event: 177.245 GC heap before
{Heap before GC invocations=138 (full 0):
 garbage-first heap   total 391168K, used 339987K [0x0000000080000000, 0x0000000100000000)
  region size 1024K, 152 young (155648K), 5 survivors (5120K)
 Metaspace       used 98975K, committed 100096K, reserved 557056K
  class space    used 13411K, committed 13952K, reserved 425984K
}
Event: 177.248 GC heap after
{Heap after GC invocations=139 (full 0):
 garbage-first heap   total 391168K, used 189687K [0x0000000080000000, 0x0000000100000000)
  region size 1024K, 6 young (6144K), 6 survivors (6144K)
 Metaspace       used 98975K, committed 100096K, reserved 557056K
  class space    used 13411K, committed 13952K, reserved 425984K
}
Event: 177.350 GC heap before
{Heap before GC invocations=139 (full 0):
 garbage-first heap   total 391168K, used 341239K [0x0000000080000000, 0x0000000100000000)
  region size 1024K, 154 young (157696K), 6 survivors (6144K)
 Metaspace       used 98975K, committed 100096K, reserved 557056K
  class space    used 13411K, committed 13952K, reserved 425984K
}
Event: 177.352 GC heap after
{Heap after GC invocations=140 (full 0):
 garbage-first heap   total 391168K, used 187632K [0x0000000080000000, 0x0000000100000000)
  region size 1024K, 4 young (4096K), 4 survivors (4096K)
 Metaspace       used 98975K, committed 100096K, reserved 557056K
  class space    used 13411K, committed 13952K, reserved 425984K
}
Event: 177.647 GC heap before
{Heap before GC invocations=141 (full 0):
 garbage-first heap   total 391168K, used 342256K [0x0000000080000000, 0x0000000100000000)
  region size 1024K, 155 young (158720K), 4 survivors (4096K)
 Metaspace       used 98975K, committed 100096K, reserved 557056K
  class space    used 13411K, committed 13952K, reserved 425984K
}
Event: 177.649 GC heap after
{Heap after GC invocations=142 (full 0):
 garbage-first heap   total 391168K, used 188258K [0x0000000080000000, 0x0000000100000000)
  region size 1024K, 5 young (5120K), 5 survivors (5120K)
 Metaspace       used 98975K, committed 100096K, reserved 557056K
  class space    used 13411K, committed 13952K, reserved 425984K
}
Event: 177.656 GC heap before
{Heap before GC invocations=142 (full 0):
 garbage-first heap   total 391168K, used 202594K [0x0000000080000000, 0x0000000100000000)
  region size 1024K, 19 young (19456K), 5 survivors (5120K)
 Metaspace       used 98975K, committed 100096K, reserved 557056K
  class space    used 13411K, committed 13952K, reserved 425984K
}
Event: 177.663 GC heap after
{Heap after GC invocations=143 (full 0):
 garbage-first heap   total 391168K, used 186166K [0x0000000080000000, 0x0000000100000000)
  region size 1024K, 3 young (3072K), 3 survivors (3072K)
 Metaspace       used 98975K, committed 100096K, reserved 557056K
  class space    used 13411K, committed 13952K, reserved 425984K
}
Event: 177.756 GC heap before
{Heap before GC invocations=143 (full 0):
 garbage-first heap   total 391168K, used 340790K [0x0000000080000000, 0x0000000100000000)
  region size 1024K, 154 young (157696K), 3 survivors (3072K)
 Metaspace       used 98975K, committed 100096K, reserved 557056K
  class space    used 13411K, committed 13952K, reserved 425984K
}

