# JRE version: Java(TM) SE Runtime Environment (17.0.9+11) (build 17.0.9+11-LTS-201)
# Java VM: Java HotSpot(TM) 64-Bit Server VM (17.0.9+11-LTS-201, mixed mode, sharing, tiered, compressed oops, compressed class ptrs, g1 gc, windows-amd64)
GC Precious Log:
 CPUs: 4 total, 4 available
 Memory: 7247M
 Large Page Support: Disabled
 NUMA Support: Disabled
 Compressed Oops: Enabled (32-bit)
 Heap Region Size: 1M
 Heap Min Capacity: 8M
 Heap Initial Capacity: 114M
 Heap Max Capacity: 2G
 Pre-touch: Disabled
 Parallel Workers: 4
 Concurrent Workers: 1
 Concurrent Refinement Workers: 4
 Periodic GC: Disabled
Heap:
 garbage-first heap   total 499712K, used 414638K [0x0000000080000000, 0x0000000100000000)
  region size 1024K, 14 young (14336K), 13 survivors (13312K)
 Metaspace       used 109830K, committed 111232K, reserved 557056K
  class space    used 14801K, committed 15488K, reserved 425984K
GC Heap History (20 events):
Event: 15.682 GC heap before
{Heap before GC invocations=34 (full 0):
 garbage-first heap   total 203776K, used 148212K [0x0000000080000000, 0x0000000100000000)
  region size 1024K, 71 young (72704K), 6 survivors (6144K)
 Metaspace       used 82439K, committed 83264K, reserved 557056K
  class space    used 11459K, committed 11840K, reserved 425984K
}
Event: 15.689 GC heap after
{Heap after GC invocations=35 (full 0):
 garbage-first heap   total 203776K, used 89609K [0x0000000080000000, 0x0000000100000000)
  region size 1024K, 8 young (8192K), 8 survivors (8192K)
 Metaspace       used 82439K, committed 83264K, reserved 557056K
  class space    used 11459K, committed 11840K, reserved 425984K
}
Event: 16.487 GC heap before
{Heap before GC invocations=35 (full 0):
 garbage-first heap   total 203776K, used 161289K [0x0000000080000000, 0x0000000100000000)
  region size 1024K, 70 young (71680K), 8 survivors (8192K)
 Metaspace       used 85421K, committed 86336K, reserved 557056K
  class space    used 11858K, committed 12288K, reserved 425984K
}
Event: 16.500 GC heap after
{Heap after GC invocations=36 (full 0):
 garbage-first heap   total 203776K, used 109884K [0x0000000080000000, 0x0000000100000000)
  region size 1024K, 9 young (9216K), 9 survivors (9216K)
 Metaspace       used 85421K, committed 86336K, reserved 557056K
  class space    used 11858K, committed 12288K, reserved 425984K
}
Event: 17.039 GC heap before
{Heap before GC invocations=36 (full 0):
 garbage-first heap   total 203776K, used 164156K [0x0000000080000000, 0x0000000100000000)
  region size 1024K, 56 young (57344K), 9 survivors (9216K)
 Metaspace       used 87817K, committed 88768K, reserved 557056K
  class space    used 12154K, committed 12544K, reserved 425984K
}
Event: 17.047 GC heap after
{Heap after GC invocations=37 (full 0):
 garbage-first heap   total 203776K, used 126762K [0x0000000080000000, 0x0000000100000000)
  region size 1024K, 7 young (7168K), 7 survivors (7168K)
 Metaspace       used 87817K, committed 88768K, reserved 557056K
  class space    used 12154K, committed 12544K, reserved 425984K
}
Event: 17.439 GC heap before
{Heap before GC invocations=37 (full 0):
 garbage-first heap   total 203776K, used 162602K [0x0000000080000000, 0x0000000100000000)
  region size 1024K, 43 young (44032K), 7 survivors (7168K)
 Metaspace       used 89294K, committed 90304K, reserved 557056K
  class space    used 12347K, committed 12800K, reserved 425984K
}
Event: 17.448 GC heap after
{Heap after GC invocations=38 (full 0):
 garbage-first heap   total 203776K, used 132743K [0x0000000080000000, 0x0000000100000000)
  region size 1024K, 6 young (6144K), 6 survivors (6144K)
 Metaspace       used 89294K, committed 90304K, reserved 557056K
  class space    used 12347K, committed 12800K, reserved 425984K
}
Event: 17.729 GC heap before
{Heap before GC invocations=38 (full 0):
 garbage-first heap   total 203776K, used 166535K [0x0000000080000000, 0x0000000100000000)
  region size 1024K, 38 young (38912K), 6 survivors (6144K)
 Metaspace       used 90104K, committed 91072K, reserved 557056K
  class space    used 12430K, committed 12864K, reserved 425984K
}
Event: 17.741 GC heap after
{Heap after GC invocations=39 (full 0):
 garbage-first heap   total 203776K, used 144150K [0x0000000080000000, 0x0000000100000000)
  region size 1024K, 5 young (5120K), 5 survivors (5120K)
 Metaspace       used 90104K, committed 91072K, reserved 557056K
  class space    used 12430K, committed 12864K, reserved 425984K
}
Event: 18.159 GC heap before
{Heap before GC invocations=39 (full 0):
 garbage-first heap   total 203776K, used 166678K [0x0000000080000000, 0x0000000100000000)
  region size 1024K, 28 young (28672K), 5 survivors (5120K)
 Metaspace       used 92487K, committed 93568K, reserved 557056K
  class space    used 12737K, committed 13248K, reserved 425984K
}
Event: 18.166 GC heap after
{Heap after GC invocations=40 (full 0):
 garbage-first heap   total 407552K, used 147169K [0x0000000080000000, 0x0000000100000000)
  region size 1024K, 3 young (3072K), 3 survivors (3072K)
 Metaspace       used 92487K, committed 93568K, reserved 557056K
  class space    used 12737K, committed 13248K, reserved 425984K
}
Event: 19.957 GC heap before
{Heap before GC invocations=40 (full 0):
 garbage-first heap   total 407552K, used 272097K [0x0000000080000000, 0x0000000100000000)
  region size 1024K, 125 young (128000K), 3 survivors (3072K)
 Metaspace       used 98974K, committed 100096K, reserved 557056K
  class space    used 13588K, committed 14080K, reserved 425984K
}
Event: 19.976 GC heap after
{Heap after GC invocations=41 (full 0):
 garbage-first heap   total 407552K, used 162734K [0x0000000080000000, 0x0000000100000000)
  region size 1024K, 16 young (16384K), 16 survivors (16384K)
 Metaspace       used 98974K, committed 100096K, reserved 557056K
  class space    used 13588K, committed 14080K, reserved 425984K
}
Event: 26.492 GC heap before
{Heap before GC invocations=41 (full 0):
 garbage-first heap   total 407552K, used 301998K [0x0000000080000000, 0x0000000100000000)
  region size 1024K, 153 young (156672K), 16 survivors (16384K)
 Metaspace       used 103864K, committed 105152K, reserved 557056K
  class space    used 14065K, committed 14656K, reserved 425984K
}
Event: 26.523 GC heap after
{Heap after GC invocations=42 (full 0):
 garbage-first heap   total 407552K, used 184201K [0x0000000080000000, 0x0000000100000000)
  region size 1024K, 20 young (20480K), 20 survivors (20480K)
 Metaspace       used 103864K, committed 105152K, reserved 557056K
  class space    used 14065K, committed 14656K, reserved 425984K
}
Event: 27.705 GC heap before
{Heap before GC invocations=42 (full 0):
 garbage-first heap   total 407552K, used 308105K [0x0000000080000000, 0x0000000100000000)
  region size 1024K, 141 young (144384K), 20 survivors (20480K)
 Metaspace       used 108574K, committed 109952K, reserved 557056K
  class space    used 14693K, committed 15360K, reserved 425984K
}
Event: 27.731 GC heap after
{Heap after GC invocations=43 (full 0):
 garbage-first heap   total 407552K, used 204718K [0x0000000080000000, 0x0000000100000000)
  region size 1024K, 18 young (18432K), 18 survivors (18432K)
 Metaspace       used 108574K, committed 109952K, reserved 557056K
  class space    used 14693K, committed 15360K, reserved 425984K
}
Event: 28.632 GC heap before
{Heap before GC invocations=43 (full 0):
 garbage-first heap   total 407552K, used 307118K [0x0000000080000000, 0x0000000100000000)
  region size 1024K, 119 young (121856K), 18 survivors (18432K)
 Metaspace       used 109830K, committed 111232K, reserved 557056K
  class space    used 14801K, committed 15488K, reserved 425984K
}
Event: 28.659 GC heap after
{Heap after GC invocations=44 (full 0):
 garbage-first heap   total 407552K, used 219054K [0x0000000080000000, 0x0000000100000000)
  region size 1024K, 13 young (13312K), 13 survivors (13312K)
 Metaspace       used 109830K, committed 111232K, reserved 557056K
  class space    used 14801K, committed 15488K, reserved 425984K
}

