# JRE version: Java(TM) SE Runtime Environment (17.0.9+11) (build 17.0.9+11-LTS-201)
# Java VM: Java HotSpot(TM) 64-Bit Server VM (17.0.9+11-LTS-201, mixed mode, sharing, tiered, compressed oops, compressed class ptrs, g1 gc, windows-amd64)
GC Precious Log:
 CPUs: 4 total, 4 available
 Memory: 7247M
 Large Page Support: Disabled
 NUMA Support: Disabled
 Compressed Oops: Enabled (32-bit)
 Heap Region Size: 1M
 Heap Min Capacity: 8M
 Heap Initial Capacity: 114M
 Heap Max Capacity: 2G
 Pre-touch: Disabled
 Parallel Workers: 4
 Concurrent Workers: 1
 Concurrent Refinement Workers: 4
 Periodic GC: Disabled
Heap:
 garbage-first heap   total 296960K, used 200980K [0x0000000080000000, 0x0000000100000000)
  region size 1024K, 7 young (7168K), 7 survivors (7168K)
 Metaspace       used 98646K, committed 99904K, reserved 557056K
  class space    used 13576K, committed 14144K, reserved 425984K
GC Heap History (20 events):
Event: 23.566 GC heap after
{Heap after GC invocations=37 (full 0):
 garbage-first heap   total 142336K, used 79551K [0x0000000080000000, 0x0000000100000000)
  region size 1024K, 4 young (4096K), 4 survivors (4096K)
 Metaspace       used 73974K, committed 74624K, reserved 491520K
  class space    used 10084K, committed 10368K, reserved 425984K
}
Event: 23.575 GC heap before
{Heap before GC invocations=37 (full 0):
 garbage-first heap   total 142336K, used 81599K [0x0000000080000000, 0x0000000100000000)
  region size 1024K, 6 young (6144K), 4 survivors (4096K)
 Metaspace       used 73974K, committed 74624K, reserved 491520K
  class space    used 10084K, committed 10368K, reserved 425984K
}
Event: 23.581 GC heap after
{Heap after GC invocations=38 (full 0):
 garbage-first heap   total 142336K, used 78960K [0x0000000080000000, 0x0000000100000000)
  region size 1024K, 1 young (1024K), 1 survivors (1024K)
 Metaspace       used 73974K, committed 74624K, reserved 491520K
  class space    used 10084K, committed 10368K, reserved 425984K
}
Event: 38.326 GC heap before
{Heap before GC invocations=38 (full 0):
 garbage-first heap   total 142336K, used 113776K [0x0000000080000000, 0x0000000100000000)
  region size 1024K, 35 young (35840K), 1 survivors (1024K)
 Metaspace       used 74612K, committed 75328K, reserved 491520K
  class space    used 10170K, committed 10496K, reserved 425984K
}
Event: 38.333 GC heap after
{Heap after GC invocations=39 (full 0):
 garbage-first heap   total 296960K, used 82831K [0x0000000080000000, 0x0000000100000000)
  region size 1024K, 5 young (5120K), 5 survivors (5120K)
 Metaspace       used 74612K, committed 75328K, reserved 491520K
  class space    used 10170K, committed 10496K, reserved 425984K
}
Event: 40.098 GC heap before
{Heap before GC invocations=40 (full 0):
 garbage-first heap   total 286720K, used 204687K [0x0000000080000000, 0x0000000100000000)
  region size 1024K, 118 young (120832K), 5 survivors (5120K)
 Metaspace       used 82725K, committed 83584K, reserved 557056K
  class space    used 11467K, committed 11904K, reserved 425984K
}
Event: 40.114 GC heap after
{Heap after GC invocations=41 (full 0):
 garbage-first heap   total 286720K, used 101310K [0x0000000080000000, 0x0000000100000000)
  region size 1024K, 15 young (15360K), 15 survivors (15360K)
 Metaspace       used 82725K, committed 83584K, reserved 557056K
  class space    used 11467K, committed 11904K, reserved 425984K
}
Event: 40.121 GC heap before
{Heap before GC invocations=41 (full 0):
 garbage-first heap   total 286720K, used 102334K [0x0000000080000000, 0x0000000100000000)
  region size 1024K, 16 young (16384K), 15 survivors (15360K)
 Metaspace       used 82734K, committed 83584K, reserved 557056K
  class space    used 11470K, committed 11904K, reserved 425984K
}
Event: 40.135 GC heap after
{Heap after GC invocations=42 (full 0):
 garbage-first heap   total 286720K, used 101583K [0x0000000080000000, 0x0000000100000000)
  region size 1024K, 2 young (2048K), 2 survivors (2048K)
 Metaspace       used 82734K, committed 83584K, reserved 557056K
  class space    used 11470K, committed 11904K, reserved 425984K
}
Event: 42.051 GC heap before
{Heap before GC invocations=42 (full 0):
 garbage-first heap   total 286720K, used 220367K [0x0000000080000000, 0x0000000100000000)
  region size 1024K, 111 young (113664K), 2 survivors (2048K)
 Metaspace       used 85826K, committed 86912K, reserved 557056K
  class space    used 11918K, committed 12416K, reserved 425984K
}
Event: 42.067 GC heap after
{Heap after GC invocations=43 (full 0):
 garbage-first heap   total 286720K, used 132776K [0x0000000080000000, 0x0000000100000000)
  region size 1024K, 14 young (14336K), 14 survivors (14336K)
 Metaspace       used 85826K, committed 86912K, reserved 557056K
  class space    used 11918K, committed 12416K, reserved 425984K
}
Event: 43.114 GC heap before
{Heap before GC invocations=43 (full 0):
 garbage-first heap   total 286720K, used 226984K [0x0000000080000000, 0x0000000100000000)
  region size 1024K, 93 young (95232K), 14 survivors (14336K)
 Metaspace       used 89552K, committed 90688K, reserved 557056K
  class space    used 12410K, committed 12928K, reserved 425984K
}
Event: 43.153 GC heap after
{Heap after GC invocations=44 (full 0):
 garbage-first heap   total 286720K, used 161957K [0x0000000080000000, 0x0000000100000000)
  region size 1024K, 12 young (12288K), 12 survivors (12288K)
 Metaspace       used 89552K, committed 90688K, reserved 557056K
  class space    used 12410K, committed 12928K, reserved 425984K
}
Event: 43.970 GC heap before
{Heap before GC invocations=44 (full 0):
 garbage-first heap   total 286720K, used 224421K [0x0000000080000000, 0x0000000100000000)
  region size 1024K, 72 young (73728K), 12 survivors (12288K)
 Metaspace       used 91354K, committed 92480K, reserved 557056K
  class space    used 12631K, committed 13184K, reserved 425984K
}
Event: 43.984 GC heap after
{Heap after GC invocations=45 (full 0):
 garbage-first heap   total 286720K, used 175784K [0x0000000080000000, 0x0000000100000000)
  region size 1024K, 9 young (9216K), 9 survivors (9216K)
 Metaspace       used 91354K, committed 92480K, reserved 557056K
  class space    used 12631K, committed 13184K, reserved 425984K
}
Event: 44.543 GC heap before
{Heap before GC invocations=45 (full 0):
 garbage-first heap   total 286720K, used 226984K [0x0000000080000000, 0x0000000100000000)
  region size 1024K, 60 young (61440K), 9 survivors (9216K)
 Metaspace       used 95156K, committed 96320K, reserved 557056K
  class space    used 13112K, committed 13632K, reserved 425984K
}
Event: 44.557 GC heap after
{Heap after GC invocations=46 (full 0):
 garbage-first heap   total 286720K, used 182759K [0x0000000080000000, 0x0000000100000000)
  region size 1024K, 6 young (6144K), 6 survivors (6144K)
 Metaspace       used 95156K, committed 96320K, reserved 557056K
  class space    used 13112K, committed 13632K, reserved 425984K
}
Event: 45.063 GC heap before
{Heap before GC invocations=46 (full 0):
 garbage-first heap   total 286720K, used 231911K [0x0000000080000000, 0x0000000100000000)
  region size 1024K, 54 young (55296K), 6 survivors (6144K)
 Metaspace       used 97882K, committed 99072K, reserved 557056K
  class space    used 13497K, committed 14016K, reserved 425984K
}
Event: 45.100 GC heap after
{Heap after GC invocations=47 (full 0):
 garbage-first heap   total 286720K, used 187256K [0x0000000080000000, 0x0000000100000000)
  region size 1024K, 5 young (5120K), 5 survivors (5120K)
 Metaspace       used 97882K, committed 99072K, reserved 557056K
  class space    used 13497K, committed 14016K, reserved 425984K
}
Event: 45.693 GC heap before
{Heap before GC invocations=47 (full 0):
 garbage-first heap   total 286720K, used 235384K [0x0000000080000000, 0x0000000100000000)
  region size 1024K, 52 young (53248K), 5 survivors (5120K)
 Metaspace       used 98646K, committed 99904K, reserved 557056K
  class space    used 13576K, committed 14144K, reserved 425984K
}

